2020-10-09T17:10:55-0400 [INFO    ] dandi Traversing remote dandisets (000026) recursively
2020-10-09T17:10:55-0400 [INFO    ] backups2datalad.py Updating metadata file
2020-10-09T17:10:57-0400 [INFO    ] backups2datalad.py Syncing asset /derivatives/ParameterMaps/sub-I46/flash10.nii.gz
2020-10-09T17:10:58-0400 [INFO    ] backups2datalad.py Asset in dataset, and hash shows no modification; will not update
2020-10-09T17:10:58-0400 [INFO    ] backups2datalad.py Syncing asset /derivatives/ParameterMaps/sub-I46/flash20.nii.gz
2020-10-09T17:10:58-0400 [INFO    ] backups2datalad.py Asset in dataset, and hash shows no modification; will not update
2020-10-09T17:10:58-0400 [INFO    ] backups2datalad.py Syncing asset /derivatives/ParameterMaps/sub-I46/flash30.nii.gz
2020-10-09T17:10:58-0400 [INFO    ] backups2datalad.py Asset in dataset, and hash shows no modification; will not update
2020-10-09T17:10:58-0400 [INFO    ] backups2datalad.py Syncing asset /derivatives/ParameterMaps/sub-I46/PD.nii.gz
2020-10-09T17:10:59-0400 [INFO    ] backups2datalad.py Asset in dataset, and hash shows no modification; will not update
2020-10-09T17:10:59-0400 [INFO    ] backups2datalad.py Syncing asset /derivatives/ParameterMaps/sub-I46/sse.nii.gz
2020-10-09T17:10:59-0400 [INFO    ] backups2datalad.py Asset in dataset, and hash shows no modification; will not update
2020-10-09T17:10:59-0400 [INFO    ] backups2datalad.py Syncing asset /derivatives/ParameterMaps/sub-I46/T1.nii.gz
2020-10-09T17:10:59-0400 [INFO    ] backups2datalad.py Asset in dataset, and hash shows no modification; will not update
2020-10-09T17:10:59-0400 [INFO    ] backups2datalad.py Syncing asset /derivatives/ParameterMaps/sub-I46/T2star.nii.gz
2020-10-09T17:11:00-0400 [INFO    ] backups2datalad.py Asset in dataset, and hash shows no modification; will not update
2020-10-09T17:11:00-0400 [INFO    ] backups2datalad.py Syncing asset /derivatives/SPIMStitchedSlices/sub-I46/I46_n01.7z
2020-10-09T17:11:00-0400 [INFO    ] backups2datalad.py Asset in dataset, and hash shows no modification; will not update
2020-10-09T17:11:00-0400 [INFO    ] backups2datalad.py Syncing asset /derivatives/SPIMStitchedSlices/sub-I46/I46_n02.7z
2020-10-09T17:11:00-0400 [INFO    ] backups2datalad.py Asset in dataset, and hash shows no modification; will not update
2020-10-09T17:11:00-0400 [INFO    ] backups2datalad.py Syncing asset /derivatives/SPIMStitchedSlices/sub-I46/I46_n03.7z
2020-10-09T17:11:01-0400 [INFO    ] backups2datalad.py Asset in dataset, and hash shows no modification; will not update
2020-10-09T17:11:01-0400 [INFO    ] backups2datalad.py Syncing asset /derivatives/SPIMStitchedSlices/sub-I46/I46_n04.7z
2020-10-09T17:11:01-0400 [INFO    ] backups2datalad.py Asset in dataset, and hash shows no modification; will not update
2020-10-09T17:11:01-0400 [INFO    ] backups2datalad.py Syncing asset /derivatives/SPIMStitchedSlices/sub-I46/I46_n05.7z
2020-10-09T17:11:01-0400 [INFO    ] backups2datalad.py Asset in dataset, and hash shows no modification; will not update
2020-10-09T17:11:01-0400 [INFO    ] backups2datalad.py Syncing asset /derivatives/SPIMStitchedSlices/sub-I46/I46_n06.7z
2020-10-09T17:11:02-0400 [INFO    ] backups2datalad.py Asset in dataset, and hash shows no modification; will not update
2020-10-09T17:11:02-0400 [INFO    ] backups2datalad.py Syncing asset /derivatives/SPIMStitchedSlices/sub-I46/I46_n07.7z
2020-10-09T17:11:02-0400 [INFO    ] backups2datalad.py Asset in dataset, and hash shows no modification; will not update
2020-10-09T17:11:02-0400 [INFO    ] backups2datalad.py Syncing asset /rawdata/sub-I46/ses-MRI/anat/sub-I46_echo-1_fa-1_VFA.json
2020-10-09T17:11:02-0400 [INFO    ] backups2datalad.py Asset in dataset, and hash shows no modification; will not update
2020-10-09T17:11:02-0400 [INFO    ] backups2datalad.py Syncing asset /rawdata/sub-I46/ses-MRI/anat/sub-I46_echo-1_fa-1_VFA.nii.gz
2020-10-09T17:11:03-0400 [INFO    ] backups2datalad.py Asset in dataset, and hash shows no modification; will not update
2020-10-09T17:11:03-0400 [INFO    ] backups2datalad.py Syncing asset /rawdata/sub-I46/ses-MRI/anat/sub-I46_echo-1_fa-2_VFA.json
2020-10-09T17:11:03-0400 [INFO    ] backups2datalad.py Asset in dataset, and hash shows no modification; will not update
2020-10-09T17:11:03-0400 [INFO    ] backups2datalad.py Syncing asset /rawdata/sub-I46/ses-MRI/anat/sub-I46_echo-1_fa-2_VFA.nii.gz
2020-10-09T17:11:03-0400 [INFO    ] backups2datalad.py Asset in dataset, and hash shows no modification; will not update
2020-10-09T17:11:03-0400 [INFO    ] backups2datalad.py Syncing asset /rawdata/sub-I46/ses-MRI/anat/sub-I46_echo-1_fa-3_VFA.json
2020-10-09T17:11:03-0400 [INFO    ] backups2datalad.py Asset in dataset, and hash shows no modification; will not update
2020-10-09T17:11:03-0400 [INFO    ] backups2datalad.py Syncing asset /rawdata/sub-I46/ses-MRI/anat/sub-I46_echo-1_fa-3_VFA.nii.gz
2020-10-09T17:11:04-0400 [INFO    ] backups2datalad.py Asset in dataset, and hash shows no modification; will not update
2020-10-09T17:11:04-0400 [INFO    ] backups2datalad.py Syncing asset /rawdata/sub-I46/ses-MRI/anat/sub-I46_echo-2_fa-1_VFA.json
2020-10-09T17:11:04-0400 [INFO    ] backups2datalad.py Asset in dataset, and hash shows no modification; will not update
2020-10-09T17:11:04-0400 [INFO    ] backups2datalad.py Syncing asset /rawdata/sub-I46/ses-MRI/anat/sub-I46_echo-2_fa-1_VFA.nii.gz
2020-10-09T17:11:04-0400 [INFO    ] backups2datalad.py Asset in dataset, and hash shows no modification; will not update
2020-10-09T17:11:04-0400 [INFO    ] backups2datalad.py Syncing asset /rawdata/sub-I46/ses-MRI/anat/sub-I46_echo-2_fa-2_VFA.json
2020-10-09T17:11:05-0400 [INFO    ] backups2datalad.py Asset in dataset, and hash shows no modification; will not update
2020-10-09T17:11:05-0400 [INFO    ] backups2datalad.py Syncing asset /rawdata/sub-I46/ses-MRI/anat/sub-I46_echo-2_fa-2_VFA.nii.gz
2020-10-09T17:11:05-0400 [INFO    ] backups2datalad.py Asset in dataset, and hash shows no modification; will not update
2020-10-09T17:11:05-0400 [INFO    ] backups2datalad.py Syncing asset /rawdata/sub-I46/ses-MRI/anat/sub-I46_echo-2_fa-3_VFA.json
2020-10-09T17:11:05-0400 [INFO    ] backups2datalad.py Asset in dataset, and hash shows no modification; will not update
2020-10-09T17:11:05-0400 [INFO    ] backups2datalad.py Syncing asset /rawdata/sub-I46/ses-MRI/anat/sub-I46_echo-2_fa-3_VFA.nii.gz
2020-10-09T17:11:05-0400 [INFO    ] backups2datalad.py Asset in dataset, and hash shows no modification; will not update
2020-10-09T17:11:05-0400 [INFO    ] backups2datalad.py Syncing asset /rawdata/sub-I46/ses-MRI/anat/sub-I46_echo-3_fa-1_VFA.json
2020-10-09T17:11:06-0400 [INFO    ] backups2datalad.py Asset in dataset, and hash shows no modification; will not update
2020-10-09T17:11:06-0400 [INFO    ] backups2datalad.py Syncing asset /rawdata/sub-I46/ses-MRI/anat/sub-I46_echo-3_fa-1_VFA.nii.gz
2020-10-09T17:11:06-0400 [INFO    ] backups2datalad.py Asset in dataset, and hash shows no modification; will not update
2020-10-09T17:11:06-0400 [INFO    ] backups2datalad.py Syncing asset /rawdata/sub-I46/ses-MRI/anat/sub-I46_echo-3_fa-2_VFA.json
2020-10-09T17:11:06-0400 [INFO    ] backups2datalad.py Asset in dataset, and hash shows no modification; will not update
2020-10-09T17:11:06-0400 [INFO    ] backups2datalad.py Syncing asset /rawdata/sub-I46/ses-MRI/anat/sub-I46_echo-3_fa-2_VFA.nii.gz
2020-10-09T17:11:07-0400 [INFO    ] backups2datalad.py Asset in dataset, and hash shows no modification; will not update
2020-10-09T17:11:07-0400 [INFO    ] backups2datalad.py Syncing asset /rawdata/sub-I46/ses-MRI/anat/sub-I46_echo-3_fa-3_VFA.json
2020-10-09T17:11:07-0400 [INFO    ] backups2datalad.py Asset in dataset, and hash shows no modification; will not update
2020-10-09T17:11:07-0400 [INFO    ] backups2datalad.py Syncing asset /rawdata/sub-I46/ses-MRI/anat/sub-I46_echo-3_fa-3_VFA.nii.gz
2020-10-09T17:11:07-0400 [INFO    ] backups2datalad.py Asset in dataset, and hash shows no modification; will not update
2020-10-09T17:11:07-0400 [INFO    ] backups2datalad.py Syncing asset /rawdata/sub-I46/ses-MRI/anat/sub-I46_echo-4_fa-1_VFA.json
2020-10-09T17:11:08-0400 [INFO    ] backups2datalad.py Asset in dataset, and hash shows no modification; will not update
2020-10-09T17:11:08-0400 [INFO    ] backups2datalad.py Syncing asset /rawdata/sub-I46/ses-MRI/anat/sub-I46_echo-4_fa-1_VFA.nii.gz
2020-10-09T17:11:08-0400 [INFO    ] backups2datalad.py Asset in dataset, and hash shows no modification; will not update
2020-10-09T17:11:08-0400 [INFO    ] backups2datalad.py Syncing asset /rawdata/sub-I46/ses-MRI/anat/sub-I46_echo-4_fa-2_VFA.json
2020-10-09T17:11:08-0400 [INFO    ] backups2datalad.py Asset in dataset, and hash shows no modification; will not update
2020-10-09T17:11:08-0400 [INFO    ] backups2datalad.py Syncing asset /rawdata/sub-I46/ses-MRI/anat/sub-I46_echo-4_fa-2_VFA.nii.gz
2020-10-09T17:11:09-0400 [INFO    ] backups2datalad.py Asset in dataset, and hash shows no modification; will not update
2020-10-09T17:11:09-0400 [INFO    ] backups2datalad.py Syncing asset /rawdata/sub-I46/ses-MRI/anat/sub-I46_echo-4_fa-3_VFA.json
2020-10-09T17:11:09-0400 [INFO    ] backups2datalad.py Asset in dataset, and hash shows no modification; will not update
2020-10-09T17:11:09-0400 [INFO    ] backups2datalad.py Syncing asset /rawdata/sub-I46/ses-MRI/anat/sub-I46_echo-4_fa-3_VFA.nii.gz
2020-10-09T17:11:09-0400 [INFO    ] backups2datalad.py Asset in dataset, and hash shows no modification; will not update
2020-10-09T17:11:09-0400 [INFO    ] backups2datalad.py Syncing asset /rawdata/sub-I46/ses-MRI/anat/test.json
2020-10-09T17:11:09-0400 [INFO    ] backups2datalad.py Asset in dataset, and hash shows no modification; will not update
2020-10-09T17:11:09-0400 [INFO    ] backups2datalad.py Syncing asset /rawdata/sub-I46/ses-OCT/I46-OCT-nor.tif
2020-10-09T17:11:10-0400 [INFO    ] backups2datalad.py Asset in dataset, and hash shows no modification; will not update
2020-10-09T17:11:10-0400 [INFO    ] backups2datalad.py Commiting changes
2020-10-09T17:11:10-0400 [INFO    ] backups2datalad.py Creating GitHub sibling for 000026
2020-10-09T17:11:10-0400 [INFO    ] backups2datalad.py Pushing to sibling
2020-10-09T17:11:10-0400 [INFO    ] datalad.core.distributed.push Determine push target
2020-10-09T17:11:10-0400 [INFO    ] datalad.core.distributed.push Push refspecs
2020-10-09T17:11:10-0400 [INFO    ] datalad.core.distributed.push Transfer data
2020-10-09T17:11:10-0400 [INFO    ] datalad.core.distributed.push Update availability information
2020-10-09T17:11:12-0400 [INFO    ] datalad.gitrepo Start enumerating objects
2020-10-09T17:11:12-0400 [INFO    ] datalad.gitrepo Finished enumerating objects
2020-10-09T17:11:12-0400 [INFO    ] datalad.gitrepo Start counting objects
2020-10-09T17:11:12-0400 [INFO    ] datalad.gitrepo Counting objects:  10% (1/10)
2020-10-09T17:11:12-0400 [INFO    ] datalad.gitrepo Counting objects:  20% (2/10)
2020-10-09T17:11:12-0400 [INFO    ] datalad.gitrepo Counting objects:  30% (3/10)
2020-10-09T17:11:12-0400 [INFO    ] datalad.gitrepo Counting objects:  40% (4/10)
2020-10-09T17:11:12-0400 [INFO    ] datalad.gitrepo Counting objects:  50% (5/10)
2020-10-09T17:11:12-0400 [INFO    ] datalad.gitrepo Counting objects:  60% (6/10)
2020-10-09T17:11:12-0400 [INFO    ] datalad.gitrepo Counting objects:  70% (7/10)
2020-10-09T17:11:12-0400 [INFO    ] datalad.gitrepo Counting objects:  80% (8/10)
2020-10-09T17:11:12-0400 [INFO    ] datalad.gitrepo Counting objects:  90% (9/10)
2020-10-09T17:11:12-0400 [INFO    ] datalad.gitrepo Counting objects: 100% (10/10)
2020-10-09T17:11:12-0400 [INFO    ] datalad.gitrepo Counting objects: 100% (10/10), done.
2020-10-09T17:11:12-0400 [INFO    ] datalad.gitrepo Finished counting objects
2020-10-09T17:11:12-0400 [INFO    ] datalad.gitrepo Start compressing objects
2020-10-09T17:11:12-0400 [INFO    ] datalad.gitrepo Compressing objects:  16% (1/6)
2020-10-09T17:11:12-0400 [INFO    ] datalad.gitrepo Compressing objects:  33% (2/6)
2020-10-09T17:11:12-0400 [INFO    ] datalad.gitrepo Compressing objects:  50% (3/6)
2020-10-09T17:11:12-0400 [INFO    ] datalad.gitrepo Compressing objects:  66% (4/6)
2020-10-09T17:11:12-0400 [INFO    ] datalad.gitrepo Compressing objects:  83% (5/6)
2020-10-09T17:11:12-0400 [INFO    ] datalad.gitrepo Compressing objects: 100% (6/6)
2020-10-09T17:11:12-0400 [INFO    ] datalad.gitrepo Compressing objects: 100% (6/6), done.
2020-10-09T17:11:12-0400 [INFO    ] datalad.gitrepo Finished compressing objects
2020-10-09T17:11:12-0400 [INFO    ] datalad.gitrepo Start writing objects
2020-10-09T17:11:12-0400 [INFO    ] datalad.gitrepo Writing objects:  16% (1/6)
2020-10-09T17:11:12-0400 [INFO    ] datalad.gitrepo Writing objects:  33% (2/6)
2020-10-09T17:11:12-0400 [INFO    ] datalad.gitrepo Writing objects:  50% (3/6)
2020-10-09T17:11:12-0400 [INFO    ] datalad.gitrepo Writing objects:  66% (4/6)
2020-10-09T17:11:12-0400 [INFO    ] datalad.gitrepo Writing objects:  83% (5/6)
2020-10-09T17:11:12-0400 [INFO    ] datalad.gitrepo Writing objects: 100% (6/6)
2020-10-09T17:11:12-0400 [INFO    ] datalad.gitrepo Writing objects: 100% (6/6), 6.65 KiB | 3.33 MiB/s, done.
2020-10-09T17:11:12-0400 [INFO    ] datalad.gitrepo Finished writing objects
2020-10-09T17:11:12-0400 [INFO    ] datalad.gitrepo Start resolving deltas
2020-10-09T17:11:12-0400 [INFO    ] datalad.gitrepo remote: Resolving deltas:   0% (0/2)
2020-10-09T17:11:12-0400 [INFO    ] datalad.gitrepo remote: Resolving deltas:  50% (1/2)
2020-10-09T17:11:12-0400 [INFO    ] datalad.gitrepo remote: Resolving deltas: 100% (2/2)
2020-10-09T17:11:12-0400 [INFO    ] datalad.gitrepo remote: Resolving deltas: 100% (2/2), completed with 2 local objects.
2020-10-09T17:11:14-0400 [INFO    ] datalad.gitrepo Finished
2020-10-09T17:11:14-0400 [INFO    ] datalad.core.distributed.push Finished push of Dataset(/mnt/backup/dandi/dandiarchive-replica/000026)
