2020-10-09T16:08:20-0400 [INFO    ] dandi Traversing remote dandisets (000026) recursively
2020-10-09T16:08:20-0400 [INFO    ] backups2datalad.py Updating metadata file
2020-10-09T16:08:23-0400 [INFO    ] backups2datalad.py Syncing asset /derivatives/ParameterMaps/sub-I46/flash10.nii.gz
2020-10-09T16:08:23-0400 [INFO    ] backups2datalad.py Asset not in dataset; will copy
2020-10-09T16:08:23-0400 [INFO    ] backups2datalad.py cp /mnt/backup/dandi/dandiarchive-s3-backup/girder-assetstore/5a/21/5a21e235e6a04f94a0460b5a0ea0c576 -> /mnt/backup/dandi/dandiarchive-replica/000026/derivatives/ParameterMaps/sub-I46/flash10.nii.gz
2020-10-09T16:08:23-0400 [INFO    ] backups2datalad.py Adding asset to dataset
2020-10-09T16:08:40-0400 [INFO    ] backups2datalad.py Adding URL https://dandiarchive.s3.amazonaws.com/girder-assetstore/5a/21/5a21e235e6a04f94a0460b5a0ea0c576?versionId=niT_r8VW.vtMpaIvM9HzSMgQyYeC7CWk to asset
2020-10-09T16:08:40-0400 [INFO    ] backups2datalad.py Syncing asset /derivatives/ParameterMaps/sub-I46/flash20.nii.gz
2020-10-09T16:08:40-0400 [INFO    ] backups2datalad.py Asset not in dataset; will copy
2020-10-09T16:08:40-0400 [INFO    ] backups2datalad.py cp /mnt/backup/dandi/dandiarchive-s3-backup/girder-assetstore/e4/b2/e4b2924d793a4c38b7f7c3ddad64677a -> /mnt/backup/dandi/dandiarchive-replica/000026/derivatives/ParameterMaps/sub-I46/flash20.nii.gz
2020-10-09T16:08:40-0400 [INFO    ] backups2datalad.py Adding asset to dataset
2020-10-09T16:08:57-0400 [INFO    ] backups2datalad.py Adding URL https://dandiarchive.s3.amazonaws.com/girder-assetstore/e4/b2/e4b2924d793a4c38b7f7c3ddad64677a?versionId=SDXHJc_k3hBHI7YW2RQNYKvM3r19qZjX to asset
2020-10-09T16:08:58-0400 [INFO    ] backups2datalad.py Syncing asset /derivatives/ParameterMaps/sub-I46/flash30.nii.gz
2020-10-09T16:08:58-0400 [INFO    ] backups2datalad.py Asset not in dataset; will copy
2020-10-09T16:08:58-0400 [INFO    ] backups2datalad.py cp /mnt/backup/dandi/dandiarchive-s3-backup/girder-assetstore/a2/57/a257e234d94e485f9345d35ed627ddb7 -> /mnt/backup/dandi/dandiarchive-replica/000026/derivatives/ParameterMaps/sub-I46/flash30.nii.gz
2020-10-09T16:08:58-0400 [INFO    ] backups2datalad.py Adding asset to dataset
2020-10-09T16:09:15-0400 [INFO    ] backups2datalad.py Adding URL https://dandiarchive.s3.amazonaws.com/girder-assetstore/a2/57/a257e234d94e485f9345d35ed627ddb7?versionId=uXPPnN5MqsbFMz5il3YrO.yEpmUNTupn to asset
2020-10-09T16:09:15-0400 [INFO    ] backups2datalad.py Syncing asset /derivatives/ParameterMaps/sub-I46/PD.nii.gz
2020-10-09T16:09:15-0400 [INFO    ] backups2datalad.py Asset not in dataset; will copy
2020-10-09T16:09:15-0400 [INFO    ] backups2datalad.py cp /mnt/backup/dandi/dandiarchive-s3-backup/girder-assetstore/50/fe/50fe065918d74419b2416b63e9f46bb6 -> /mnt/backup/dandi/dandiarchive-replica/000026/derivatives/ParameterMaps/sub-I46/PD.nii.gz
2020-10-09T16:09:15-0400 [INFO    ] backups2datalad.py Adding asset to dataset
2020-10-09T16:09:32-0400 [INFO    ] backups2datalad.py Adding URL https://dandiarchive.s3.amazonaws.com/girder-assetstore/50/fe/50fe065918d74419b2416b63e9f46bb6?versionId=qSAP6xUqa2TFaX_g4EykPXEpfhPX1rpn to asset
2020-10-09T16:09:33-0400 [INFO    ] backups2datalad.py Syncing asset /derivatives/ParameterMaps/sub-I46/sse.nii.gz
2020-10-09T16:09:33-0400 [INFO    ] backups2datalad.py Asset not in dataset; will copy
2020-10-09T16:09:33-0400 [INFO    ] backups2datalad.py cp /mnt/backup/dandi/dandiarchive-s3-backup/girder-assetstore/52/87/52871b9f40ef4a37a00f1a560a473ede -> /mnt/backup/dandi/dandiarchive-replica/000026/derivatives/ParameterMaps/sub-I46/sse.nii.gz
2020-10-09T16:09:33-0400 [INFO    ] backups2datalad.py Adding asset to dataset
2020-10-09T16:09:51-0400 [INFO    ] backups2datalad.py Adding URL https://dandiarchive.s3.amazonaws.com/girder-assetstore/52/87/52871b9f40ef4a37a00f1a560a473ede?versionId=D5wdYN_jSl7pfxHoWcYk4.JYPrkaVjpP to asset
2020-10-09T16:09:51-0400 [INFO    ] backups2datalad.py Syncing asset /derivatives/ParameterMaps/sub-I46/T1.nii.gz
2020-10-09T16:09:52-0400 [INFO    ] backups2datalad.py Asset not in dataset; will copy
2020-10-09T16:09:52-0400 [INFO    ] backups2datalad.py cp /mnt/backup/dandi/dandiarchive-s3-backup/girder-assetstore/a2/60/a2600cffe4564743872d8f165b8501bd -> /mnt/backup/dandi/dandiarchive-replica/000026/derivatives/ParameterMaps/sub-I46/T1.nii.gz
2020-10-09T16:09:52-0400 [INFO    ] backups2datalad.py Adding asset to dataset
2020-10-09T16:09:58-0400 [INFO    ] backups2datalad.py Adding URL https://dandiarchive.s3.amazonaws.com/girder-assetstore/a2/60/a2600cffe4564743872d8f165b8501bd?versionId=J3m9kkdqyUFNVIlnZskCinUL8HniUDoy to asset
2020-10-09T16:09:59-0400 [INFO    ] backups2datalad.py Syncing asset /derivatives/ParameterMaps/sub-I46/T2star.nii.gz
2020-10-09T16:09:59-0400 [INFO    ] backups2datalad.py Asset not in dataset; will copy
2020-10-09T16:09:59-0400 [INFO    ] backups2datalad.py cp /mnt/backup/dandi/dandiarchive-s3-backup/girder-assetstore/b6/5c/b65c199039524b059950c0e7a5ea962c -> /mnt/backup/dandi/dandiarchive-replica/000026/derivatives/ParameterMaps/sub-I46/T2star.nii.gz
2020-10-09T16:09:59-0400 [INFO    ] backups2datalad.py Adding asset to dataset
2020-10-09T16:10:15-0400 [INFO    ] backups2datalad.py Adding URL https://dandiarchive.s3.amazonaws.com/girder-assetstore/b6/5c/b65c199039524b059950c0e7a5ea962c?versionId=pimL4z6gRhiAcg_mmaNgCjxsI_72DhCI to asset
2020-10-09T16:10:16-0400 [INFO    ] backups2datalad.py Syncing asset /derivatives/SPIMStitchedSlices/sub-I46/I46_n01.7z
2020-10-09T16:10:16-0400 [INFO    ] backups2datalad.py Asset not in dataset; will copy
2020-10-09T16:10:16-0400 [INFO    ] backups2datalad.py cp /mnt/backup/dandi/dandiarchive-s3-backup/girder-assetstore/79/cd/79cd5b89a035457598e480fbae301a24 -> /mnt/backup/dandi/dandiarchive-replica/000026/derivatives/SPIMStitchedSlices/sub-I46/I46_n01.7z
2020-10-09T16:10:16-0400 [INFO    ] backups2datalad.py Adding asset to dataset
2020-10-09T16:10:24-0400 [INFO    ] backups2datalad.py Adding URL https://dandiarchive.s3.amazonaws.com/girder-assetstore/79/cd/79cd5b89a035457598e480fbae301a24?versionId=WcWlGO9RQqFypHea3HPK1lKGIKPnfnm_ to asset
2020-10-09T16:10:24-0400 [INFO    ] backups2datalad.py Syncing asset /derivatives/SPIMStitchedSlices/sub-I46/I46_n02.7z
2020-10-09T16:10:25-0400 [INFO    ] backups2datalad.py Asset not in dataset; will copy
2020-10-09T16:10:25-0400 [INFO    ] backups2datalad.py cp /mnt/backup/dandi/dandiarchive-s3-backup/girder-assetstore/8d/d5/8dd5cbe5c5c94e8db8b389bf4d2f84cf -> /mnt/backup/dandi/dandiarchive-replica/000026/derivatives/SPIMStitchedSlices/sub-I46/I46_n02.7z
2020-10-09T16:10:25-0400 [INFO    ] backups2datalad.py Adding asset to dataset
2020-10-09T16:10:34-0400 [INFO    ] backups2datalad.py Adding URL https://dandiarchive.s3.amazonaws.com/girder-assetstore/8d/d5/8dd5cbe5c5c94e8db8b389bf4d2f84cf?versionId=9yNq3NXoKw0jmuFCSqPjfwtvsqjYHlGF to asset
2020-10-09T16:10:35-0400 [INFO    ] backups2datalad.py Syncing asset /derivatives/SPIMStitchedSlices/sub-I46/I46_n03.7z
2020-10-09T16:10:35-0400 [INFO    ] backups2datalad.py Asset not in dataset; will copy
2020-10-09T16:10:35-0400 [INFO    ] backups2datalad.py cp /mnt/backup/dandi/dandiarchive-s3-backup/girder-assetstore/76/a7/76a72f2aed2e4cc699bb52b37a37546d -> /mnt/backup/dandi/dandiarchive-replica/000026/derivatives/SPIMStitchedSlices/sub-I46/I46_n03.7z
2020-10-09T16:10:35-0400 [INFO    ] backups2datalad.py Adding asset to dataset
2020-10-09T16:10:43-0400 [INFO    ] backups2datalad.py Adding URL https://dandiarchive.s3.amazonaws.com/girder-assetstore/76/a7/76a72f2aed2e4cc699bb52b37a37546d?versionId=IaMHIzwjlbtnQD.CVcLKdUMJjpXCBlg7 to asset
2020-10-09T16:10:44-0400 [INFO    ] backups2datalad.py Syncing asset /derivatives/SPIMStitchedSlices/sub-I46/I46_n04.7z
2020-10-09T16:10:44-0400 [INFO    ] backups2datalad.py Asset not in dataset; will copy
2020-10-09T16:10:44-0400 [INFO    ] backups2datalad.py cp /mnt/backup/dandi/dandiarchive-s3-backup/girder-assetstore/40/5a/405af2e9c3364d5d81782df49d36cf93 -> /mnt/backup/dandi/dandiarchive-replica/000026/derivatives/SPIMStitchedSlices/sub-I46/I46_n04.7z
2020-10-09T16:10:44-0400 [INFO    ] backups2datalad.py Adding asset to dataset
2020-10-09T16:10:50-0400 [INFO    ] backups2datalad.py Adding URL https://dandiarchive.s3.amazonaws.com/girder-assetstore/40/5a/405af2e9c3364d5d81782df49d36cf93?versionId=cu_dDKeLTmoK4JZVTyBIpERhc52rEDEP to asset
2020-10-09T16:10:50-0400 [INFO    ] backups2datalad.py Syncing asset /derivatives/SPIMStitchedSlices/sub-I46/I46_n05.7z
2020-10-09T16:10:51-0400 [INFO    ] backups2datalad.py Asset not in dataset; will copy
2020-10-09T16:10:51-0400 [INFO    ] backups2datalad.py cp /mnt/backup/dandi/dandiarchive-s3-backup/girder-assetstore/05/59/0559dc9bfb6a4d408cd58b30744c4bde -> /mnt/backup/dandi/dandiarchive-replica/000026/derivatives/SPIMStitchedSlices/sub-I46/I46_n05.7z
2020-10-09T16:10:51-0400 [INFO    ] backups2datalad.py Adding asset to dataset
2020-10-09T16:10:53-0400 [INFO    ] backups2datalad.py Adding URL https://dandiarchive.s3.amazonaws.com/girder-assetstore/05/59/0559dc9bfb6a4d408cd58b30744c4bde?versionId=cjeHoonhER37qgFU3ga_PG3TcpwNAjmi to asset
2020-10-09T16:10:54-0400 [INFO    ] backups2datalad.py Syncing asset /derivatives/SPIMStitchedSlices/sub-I46/I46_n06.7z
2020-10-09T16:10:54-0400 [INFO    ] backups2datalad.py Asset not in dataset; will copy
2020-10-09T16:10:54-0400 [INFO    ] backups2datalad.py cp /mnt/backup/dandi/dandiarchive-s3-backup/girder-assetstore/fd/e4/fde443364825421992e4af66dbdea4ad -> /mnt/backup/dandi/dandiarchive-replica/000026/derivatives/SPIMStitchedSlices/sub-I46/I46_n06.7z
2020-10-09T16:10:54-0400 [INFO    ] backups2datalad.py Adding asset to dataset
2020-10-09T16:11:03-0400 [INFO    ] backups2datalad.py Adding URL https://dandiarchive.s3.amazonaws.com/girder-assetstore/fd/e4/fde443364825421992e4af66dbdea4ad?versionId=6hpR8dzZ3cgI2.5fj94iOVCRqyvqpKzt to asset
2020-10-09T16:11:03-0400 [INFO    ] backups2datalad.py Syncing asset /derivatives/SPIMStitchedSlices/sub-I46/I46_n07.7z
2020-10-09T16:11:03-0400 [INFO    ] backups2datalad.py Asset not in dataset; will copy
2020-10-09T16:11:03-0400 [INFO    ] backups2datalad.py cp /mnt/backup/dandi/dandiarchive-s3-backup/girder-assetstore/20/c9/20c95a9f71744279a15a67d49f1eeba4 -> /mnt/backup/dandi/dandiarchive-replica/000026/derivatives/SPIMStitchedSlices/sub-I46/I46_n07.7z
2020-10-09T16:11:03-0400 [INFO    ] backups2datalad.py Adding asset to dataset
2020-10-09T16:11:06-0400 [INFO    ] backups2datalad.py Adding URL https://dandiarchive.s3.amazonaws.com/girder-assetstore/20/c9/20c95a9f71744279a15a67d49f1eeba4?versionId=6ozTYw85BdY_OlVwZ_EVy0HJqGd9WoDb to asset
2020-10-09T16:11:06-0400 [INFO    ] backups2datalad.py Syncing asset /rawdata/sub-I46/ses-MRI/anat/sub-I46_echo-1_fa-1_VFA.json
2020-10-09T16:11:07-0400 [INFO    ] backups2datalad.py Asset not in dataset; will copy
2020-10-09T16:11:07-0400 [INFO    ] backups2datalad.py cp /mnt/backup/dandi/dandiarchive-s3-backup/girder-assetstore/dd/ac/ddac7448a1a847d5843078d1ec772dba -> /mnt/backup/dandi/dandiarchive-replica/000026/rawdata/sub-I46/ses-MRI/anat/sub-I46_echo-1_fa-1_VFA.json
2020-10-09T16:11:07-0400 [INFO    ] backups2datalad.py Adding asset to dataset
2020-10-09T16:11:07-0400 [INFO    ] backups2datalad.py File is not managed by git annex; not adding URL
2020-10-09T16:11:07-0400 [INFO    ] backups2datalad.py Syncing asset /rawdata/sub-I46/ses-MRI/anat/sub-I46_echo-1_fa-1_VFA.nii.gz
2020-10-09T16:11:07-0400 [INFO    ] backups2datalad.py Asset not in dataset; will copy
2020-10-09T16:11:07-0400 [INFO    ] backups2datalad.py cp /mnt/backup/dandi/dandiarchive-s3-backup/girder-assetstore/b5/90/b590bc78144e490b944d34744b315e05 -> /mnt/backup/dandi/dandiarchive-replica/000026/rawdata/sub-I46/ses-MRI/anat/sub-I46_echo-1_fa-1_VFA.nii.gz
2020-10-09T16:11:07-0400 [INFO    ] backups2datalad.py Adding asset to dataset
2020-10-09T16:11:24-0400 [INFO    ] backups2datalad.py Adding URL https://dandiarchive.s3.amazonaws.com/girder-assetstore/b5/90/b590bc78144e490b944d34744b315e05?versionId=O74LSqoZmwB4M5BLrpIKUtu83XxRBmHj to asset
2020-10-09T16:11:25-0400 [INFO    ] backups2datalad.py Syncing asset /rawdata/sub-I46/ses-MRI/anat/sub-I46_echo-1_fa-2_VFA.json
2020-10-09T16:11:25-0400 [INFO    ] backups2datalad.py Asset not in dataset; will copy
2020-10-09T16:11:25-0400 [INFO    ] backups2datalad.py cp /mnt/backup/dandi/dandiarchive-s3-backup/girder-assetstore/80/8e/808ee08b011a4716bb041b76c6f1989c -> /mnt/backup/dandi/dandiarchive-replica/000026/rawdata/sub-I46/ses-MRI/anat/sub-I46_echo-1_fa-2_VFA.json
2020-10-09T16:11:25-0400 [INFO    ] backups2datalad.py Adding asset to dataset
2020-10-09T16:11:25-0400 [INFO    ] backups2datalad.py File is not managed by git annex; not adding URL
2020-10-09T16:11:25-0400 [INFO    ] backups2datalad.py Syncing asset /rawdata/sub-I46/ses-MRI/anat/sub-I46_echo-1_fa-2_VFA.nii.gz
2020-10-09T16:11:25-0400 [INFO    ] backups2datalad.py Asset not in dataset; will copy
2020-10-09T16:11:25-0400 [INFO    ] backups2datalad.py cp /mnt/backup/dandi/dandiarchive-s3-backup/girder-assetstore/f7/a1/f7a17ec3d77545fcaf97ff39cc3707d7 -> /mnt/backup/dandi/dandiarchive-replica/000026/rawdata/sub-I46/ses-MRI/anat/sub-I46_echo-1_fa-2_VFA.nii.gz
2020-10-09T16:11:25-0400 [INFO    ] backups2datalad.py Adding asset to dataset
2020-10-09T16:11:44-0400 [INFO    ] backups2datalad.py Adding URL https://dandiarchive.s3.amazonaws.com/girder-assetstore/f7/a1/f7a17ec3d77545fcaf97ff39cc3707d7?versionId=FMV1E7R4kZfS_K6l9J3uW8rm8OrlKOMh to asset
2020-10-09T16:11:44-0400 [INFO    ] backups2datalad.py Syncing asset /rawdata/sub-I46/ses-MRI/anat/sub-I46_echo-1_fa-3_VFA.json
2020-10-09T16:11:44-0400 [INFO    ] backups2datalad.py Asset not in dataset; will copy
2020-10-09T16:11:44-0400 [INFO    ] backups2datalad.py cp /mnt/backup/dandi/dandiarchive-s3-backup/girder-assetstore/de/ee/deee4c2ac2164f1e89dafc029a0fd826 -> /mnt/backup/dandi/dandiarchive-replica/000026/rawdata/sub-I46/ses-MRI/anat/sub-I46_echo-1_fa-3_VFA.json
2020-10-09T16:11:44-0400 [INFO    ] backups2datalad.py Adding asset to dataset
2020-10-09T16:11:45-0400 [INFO    ] backups2datalad.py File is not managed by git annex; not adding URL
2020-10-09T16:11:45-0400 [INFO    ] backups2datalad.py Syncing asset /rawdata/sub-I46/ses-MRI/anat/sub-I46_echo-1_fa-3_VFA.nii.gz
2020-10-09T16:11:45-0400 [INFO    ] backups2datalad.py Asset not in dataset; will copy
2020-10-09T16:11:45-0400 [INFO    ] backups2datalad.py cp /mnt/backup/dandi/dandiarchive-s3-backup/girder-assetstore/7d/b1/7db1db2b54004d7f8ad34c015b6150fd -> /mnt/backup/dandi/dandiarchive-replica/000026/rawdata/sub-I46/ses-MRI/anat/sub-I46_echo-1_fa-3_VFA.nii.gz
2020-10-09T16:11:45-0400 [INFO    ] backups2datalad.py Adding asset to dataset
2020-10-09T16:12:02-0400 [INFO    ] backups2datalad.py Adding URL https://dandiarchive.s3.amazonaws.com/girder-assetstore/7d/b1/7db1db2b54004d7f8ad34c015b6150fd?versionId=_G30y_wABYyaNi9LD0A9oMARM0C8Iy48 to asset
2020-10-09T16:12:03-0400 [INFO    ] backups2datalad.py Syncing asset /rawdata/sub-I46/ses-MRI/anat/sub-I46_echo-2_fa-1_VFA.json
2020-10-09T16:12:03-0400 [INFO    ] backups2datalad.py Asset not in dataset; will copy
2020-10-09T16:12:03-0400 [INFO    ] backups2datalad.py cp /mnt/backup/dandi/dandiarchive-s3-backup/girder-assetstore/1f/a4/1fa45bdf7fd54e9c8ea826b05233eba9 -> /mnt/backup/dandi/dandiarchive-replica/000026/rawdata/sub-I46/ses-MRI/anat/sub-I46_echo-2_fa-1_VFA.json
2020-10-09T16:12:03-0400 [INFO    ] backups2datalad.py Adding asset to dataset
2020-10-09T16:12:03-0400 [INFO    ] backups2datalad.py File is not managed by git annex; not adding URL
2020-10-09T16:12:03-0400 [INFO    ] backups2datalad.py Syncing asset /rawdata/sub-I46/ses-MRI/anat/sub-I46_echo-2_fa-1_VFA.nii.gz
2020-10-09T16:12:03-0400 [INFO    ] backups2datalad.py Asset not in dataset; will copy
2020-10-09T16:12:03-0400 [INFO    ] backups2datalad.py cp /mnt/backup/dandi/dandiarchive-s3-backup/girder-assetstore/61/7d/617de1d0d569434daf2b74bb6307f942 -> /mnt/backup/dandi/dandiarchive-replica/000026/rawdata/sub-I46/ses-MRI/anat/sub-I46_echo-2_fa-1_VFA.nii.gz
2020-10-09T16:12:03-0400 [INFO    ] backups2datalad.py Adding asset to dataset
2020-10-09T16:12:21-0400 [INFO    ] backups2datalad.py Adding URL https://dandiarchive.s3.amazonaws.com/girder-assetstore/61/7d/617de1d0d569434daf2b74bb6307f942?versionId=tlv5jyGBa.BCJsi.ilowGtxs2jeHQcSe to asset
2020-10-09T16:12:22-0400 [INFO    ] backups2datalad.py Syncing asset /rawdata/sub-I46/ses-MRI/anat/sub-I46_echo-2_fa-2_VFA.json
2020-10-09T16:12:22-0400 [INFO    ] backups2datalad.py Asset not in dataset; will copy
2020-10-09T16:12:22-0400 [INFO    ] backups2datalad.py cp /mnt/backup/dandi/dandiarchive-s3-backup/girder-assetstore/84/46/8446671626714b54a795a11620d9a767 -> /mnt/backup/dandi/dandiarchive-replica/000026/rawdata/sub-I46/ses-MRI/anat/sub-I46_echo-2_fa-2_VFA.json
2020-10-09T16:12:22-0400 [INFO    ] backups2datalad.py Adding asset to dataset
2020-10-09T16:12:22-0400 [INFO    ] backups2datalad.py File is not managed by git annex; not adding URL
2020-10-09T16:12:22-0400 [INFO    ] backups2datalad.py Syncing asset /rawdata/sub-I46/ses-MRI/anat/sub-I46_echo-2_fa-2_VFA.nii.gz
2020-10-09T16:12:22-0400 [INFO    ] backups2datalad.py Asset not in dataset; will copy
2020-10-09T16:12:22-0400 [INFO    ] backups2datalad.py cp /mnt/backup/dandi/dandiarchive-s3-backup/girder-assetstore/12/eb/12eb1793d4264b00bfdba101b71de49d -> /mnt/backup/dandi/dandiarchive-replica/000026/rawdata/sub-I46/ses-MRI/anat/sub-I46_echo-2_fa-2_VFA.nii.gz
2020-10-09T16:12:22-0400 [INFO    ] backups2datalad.py Adding asset to dataset
2020-10-09T16:12:40-0400 [INFO    ] backups2datalad.py Adding URL https://dandiarchive.s3.amazonaws.com/girder-assetstore/12/eb/12eb1793d4264b00bfdba101b71de49d?versionId=rSxSQ_yLYekRvFG7zXIMM7zRC.rn5nR2 to asset
2020-10-09T16:12:40-0400 [INFO    ] backups2datalad.py Syncing asset /rawdata/sub-I46/ses-MRI/anat/sub-I46_echo-2_fa-3_VFA.json
2020-10-09T16:12:40-0400 [INFO    ] backups2datalad.py Asset not in dataset; will copy
2020-10-09T16:12:40-0400 [INFO    ] backups2datalad.py cp /mnt/backup/dandi/dandiarchive-s3-backup/girder-assetstore/ed/d5/edd5b7abf1ba4fb59ff008b2710e308d -> /mnt/backup/dandi/dandiarchive-replica/000026/rawdata/sub-I46/ses-MRI/anat/sub-I46_echo-2_fa-3_VFA.json
2020-10-09T16:12:40-0400 [INFO    ] backups2datalad.py Adding asset to dataset
2020-10-09T16:12:40-0400 [INFO    ] backups2datalad.py File is not managed by git annex; not adding URL
2020-10-09T16:12:40-0400 [INFO    ] backups2datalad.py Syncing asset /rawdata/sub-I46/ses-MRI/anat/sub-I46_echo-2_fa-3_VFA.nii.gz
2020-10-09T16:12:41-0400 [INFO    ] backups2datalad.py Asset not in dataset; will copy
2020-10-09T16:12:41-0400 [INFO    ] backups2datalad.py cp /mnt/backup/dandi/dandiarchive-s3-backup/girder-assetstore/7a/8d/7a8dcfa6ee2c48058e9ea8412b74e6c5 -> /mnt/backup/dandi/dandiarchive-replica/000026/rawdata/sub-I46/ses-MRI/anat/sub-I46_echo-2_fa-3_VFA.nii.gz
2020-10-09T16:12:41-0400 [INFO    ] backups2datalad.py Adding asset to dataset
2020-10-09T16:12:58-0400 [INFO    ] backups2datalad.py Adding URL https://dandiarchive.s3.amazonaws.com/girder-assetstore/7a/8d/7a8dcfa6ee2c48058e9ea8412b74e6c5?versionId=TgaT9AcXg.d85R3bfuELTRmLXG2Fu1Xo to asset
2020-10-09T16:12:58-0400 [INFO    ] backups2datalad.py Syncing asset /rawdata/sub-I46/ses-MRI/anat/sub-I46_echo-3_fa-1_VFA.json
2020-10-09T16:12:59-0400 [INFO    ] backups2datalad.py Asset not in dataset; will copy
2020-10-09T16:12:59-0400 [INFO    ] backups2datalad.py cp /mnt/backup/dandi/dandiarchive-s3-backup/girder-assetstore/20/bd/20bde7a3d6064b92a596c178fbbbbf64 -> /mnt/backup/dandi/dandiarchive-replica/000026/rawdata/sub-I46/ses-MRI/anat/sub-I46_echo-3_fa-1_VFA.json
2020-10-09T16:12:59-0400 [INFO    ] backups2datalad.py Adding asset to dataset
2020-10-09T16:12:59-0400 [INFO    ] backups2datalad.py File is not managed by git annex; not adding URL
2020-10-09T16:12:59-0400 [INFO    ] backups2datalad.py Syncing asset /rawdata/sub-I46/ses-MRI/anat/sub-I46_echo-3_fa-1_VFA.nii.gz
2020-10-09T16:12:59-0400 [INFO    ] backups2datalad.py Asset not in dataset; will copy
2020-10-09T16:12:59-0400 [INFO    ] backups2datalad.py cp /mnt/backup/dandi/dandiarchive-s3-backup/girder-assetstore/2e/ff/2eff956e56f74cfd869c69e2b9331134 -> /mnt/backup/dandi/dandiarchive-replica/000026/rawdata/sub-I46/ses-MRI/anat/sub-I46_echo-3_fa-1_VFA.nii.gz
2020-10-09T16:12:59-0400 [INFO    ] backups2datalad.py Adding asset to dataset
2020-10-09T16:13:16-0400 [INFO    ] backups2datalad.py Adding URL https://dandiarchive.s3.amazonaws.com/girder-assetstore/2e/ff/2eff956e56f74cfd869c69e2b9331134?versionId=rQSxi3KmD1RtvgoNut.t_IFj4O4g9.iJ to asset
2020-10-09T16:13:16-0400 [INFO    ] backups2datalad.py Syncing asset /rawdata/sub-I46/ses-MRI/anat/sub-I46_echo-3_fa-2_VFA.json
2020-10-09T16:13:17-0400 [INFO    ] backups2datalad.py Asset not in dataset; will copy
2020-10-09T16:13:17-0400 [INFO    ] backups2datalad.py cp /mnt/backup/dandi/dandiarchive-s3-backup/girder-assetstore/e4/de/e4debfc52d5a499297a5d017344ddbfe -> /mnt/backup/dandi/dandiarchive-replica/000026/rawdata/sub-I46/ses-MRI/anat/sub-I46_echo-3_fa-2_VFA.json
2020-10-09T16:13:17-0400 [INFO    ] backups2datalad.py Adding asset to dataset
2020-10-09T16:13:17-0400 [INFO    ] backups2datalad.py File is not managed by git annex; not adding URL
2020-10-09T16:13:17-0400 [INFO    ] backups2datalad.py Syncing asset /rawdata/sub-I46/ses-MRI/anat/sub-I46_echo-3_fa-2_VFA.nii.gz
2020-10-09T16:13:17-0400 [INFO    ] backups2datalad.py Asset not in dataset; will copy
2020-10-09T16:13:17-0400 [INFO    ] backups2datalad.py cp /mnt/backup/dandi/dandiarchive-s3-backup/girder-assetstore/fc/1d/fc1d32c2ff2c4ddc9e89d54c010839ff -> /mnt/backup/dandi/dandiarchive-replica/000026/rawdata/sub-I46/ses-MRI/anat/sub-I46_echo-3_fa-2_VFA.nii.gz
2020-10-09T16:13:17-0400 [INFO    ] backups2datalad.py Adding asset to dataset
2020-10-09T16:13:35-0400 [INFO    ] backups2datalad.py Adding URL https://dandiarchive.s3.amazonaws.com/girder-assetstore/fc/1d/fc1d32c2ff2c4ddc9e89d54c010839ff?versionId=VCx5O_6X0E9u3hYNsXg8HRm8a8roUoCd to asset
2020-10-09T16:13:35-0400 [INFO    ] backups2datalad.py Syncing asset /rawdata/sub-I46/ses-MRI/anat/sub-I46_echo-3_fa-3_VFA.json
2020-10-09T16:13:35-0400 [INFO    ] backups2datalad.py Asset not in dataset; will copy
2020-10-09T16:13:35-0400 [INFO    ] backups2datalad.py cp /mnt/backup/dandi/dandiarchive-s3-backup/girder-assetstore/32/e1/32e1e777a002428d9e4bf3d710391942 -> /mnt/backup/dandi/dandiarchive-replica/000026/rawdata/sub-I46/ses-MRI/anat/sub-I46_echo-3_fa-3_VFA.json
2020-10-09T16:13:35-0400 [INFO    ] backups2datalad.py Adding asset to dataset
2020-10-09T16:13:35-0400 [INFO    ] backups2datalad.py File is not managed by git annex; not adding URL
2020-10-09T16:13:35-0400 [INFO    ] backups2datalad.py Syncing asset /rawdata/sub-I46/ses-MRI/anat/sub-I46_echo-3_fa-3_VFA.nii.gz
2020-10-09T16:13:36-0400 [INFO    ] backups2datalad.py Asset not in dataset; will copy
2020-10-09T16:13:36-0400 [INFO    ] backups2datalad.py cp /mnt/backup/dandi/dandiarchive-s3-backup/girder-assetstore/27/51/27511144347d4491a2e87693b609dbe1 -> /mnt/backup/dandi/dandiarchive-replica/000026/rawdata/sub-I46/ses-MRI/anat/sub-I46_echo-3_fa-3_VFA.nii.gz
2020-10-09T16:13:36-0400 [INFO    ] backups2datalad.py Adding asset to dataset
2020-10-09T16:13:53-0400 [INFO    ] backups2datalad.py Adding URL https://dandiarchive.s3.amazonaws.com/girder-assetstore/27/51/27511144347d4491a2e87693b609dbe1?versionId=3RJC.7RBm437ksjcvnhiw551O1S3MNQD to asset
2020-10-09T16:13:53-0400 [INFO    ] backups2datalad.py Syncing asset /rawdata/sub-I46/ses-MRI/anat/sub-I46_echo-4_fa-1_VFA.json
2020-10-09T16:13:54-0400 [INFO    ] backups2datalad.py Asset not in dataset; will copy
2020-10-09T16:13:54-0400 [INFO    ] backups2datalad.py cp /mnt/backup/dandi/dandiarchive-s3-backup/girder-assetstore/66/31/6631502cc4e54b24971b304a3e2bbecb -> /mnt/backup/dandi/dandiarchive-replica/000026/rawdata/sub-I46/ses-MRI/anat/sub-I46_echo-4_fa-1_VFA.json
2020-10-09T16:13:54-0400 [INFO    ] backups2datalad.py Adding asset to dataset
2020-10-09T16:13:54-0400 [INFO    ] backups2datalad.py File is not managed by git annex; not adding URL
2020-10-09T16:13:54-0400 [INFO    ] backups2datalad.py Syncing asset /rawdata/sub-I46/ses-MRI/anat/sub-I46_echo-4_fa-1_VFA.nii.gz
2020-10-09T16:13:54-0400 [INFO    ] backups2datalad.py Asset not in dataset; will copy
2020-10-09T16:13:54-0400 [INFO    ] backups2datalad.py cp /mnt/backup/dandi/dandiarchive-s3-backup/girder-assetstore/2a/b3/2ab3a07e09664a1cb19dd06f369bffd1 -> /mnt/backup/dandi/dandiarchive-replica/000026/rawdata/sub-I46/ses-MRI/anat/sub-I46_echo-4_fa-1_VFA.nii.gz
2020-10-09T16:13:54-0400 [INFO    ] backups2datalad.py Adding asset to dataset
2020-10-09T16:14:12-0400 [INFO    ] backups2datalad.py Adding URL https://dandiarchive.s3.amazonaws.com/girder-assetstore/2a/b3/2ab3a07e09664a1cb19dd06f369bffd1?versionId=o982Zd.HgiUP_cuOoITQNe3wCPYpXCdB to asset
2020-10-09T16:14:12-0400 [INFO    ] backups2datalad.py Syncing asset /rawdata/sub-I46/ses-MRI/anat/sub-I46_echo-4_fa-2_VFA.json
2020-10-09T16:14:12-0400 [INFO    ] backups2datalad.py Asset not in dataset; will copy
2020-10-09T16:14:12-0400 [INFO    ] backups2datalad.py cp /mnt/backup/dandi/dandiarchive-s3-backup/girder-assetstore/48/1e/481e74d93a2a4321b00686429b24b193 -> /mnt/backup/dandi/dandiarchive-replica/000026/rawdata/sub-I46/ses-MRI/anat/sub-I46_echo-4_fa-2_VFA.json
2020-10-09T16:14:12-0400 [INFO    ] backups2datalad.py Adding asset to dataset
2020-10-09T16:14:12-0400 [INFO    ] backups2datalad.py File is not managed by git annex; not adding URL
2020-10-09T16:14:12-0400 [INFO    ] backups2datalad.py Syncing asset /rawdata/sub-I46/ses-MRI/anat/sub-I46_echo-4_fa-2_VFA.nii.gz
2020-10-09T16:14:13-0400 [INFO    ] backups2datalad.py Asset not in dataset; will copy
2020-10-09T16:14:13-0400 [INFO    ] backups2datalad.py cp /mnt/backup/dandi/dandiarchive-s3-backup/girder-assetstore/3d/58/3d580bd8ff11447eb9a3b36b349f78d6 -> /mnt/backup/dandi/dandiarchive-replica/000026/rawdata/sub-I46/ses-MRI/anat/sub-I46_echo-4_fa-2_VFA.nii.gz
2020-10-09T16:14:13-0400 [INFO    ] backups2datalad.py Adding asset to dataset
2020-10-09T16:14:30-0400 [INFO    ] backups2datalad.py Adding URL https://dandiarchive.s3.amazonaws.com/girder-assetstore/3d/58/3d580bd8ff11447eb9a3b36b349f78d6?versionId=PeESbjS2rZJdnMDGq22c3APdL9CeyfUA to asset
2020-10-09T16:14:31-0400 [INFO    ] backups2datalad.py Syncing asset /rawdata/sub-I46/ses-MRI/anat/sub-I46_echo-4_fa-3_VFA.json
2020-10-09T16:14:31-0400 [INFO    ] backups2datalad.py Asset not in dataset; will copy
2020-10-09T16:14:31-0400 [INFO    ] backups2datalad.py cp /mnt/backup/dandi/dandiarchive-s3-backup/girder-assetstore/da/94/da94c29a105a4425a601c94abbb7931d -> /mnt/backup/dandi/dandiarchive-replica/000026/rawdata/sub-I46/ses-MRI/anat/sub-I46_echo-4_fa-3_VFA.json
2020-10-09T16:14:31-0400 [INFO    ] backups2datalad.py Adding asset to dataset
2020-10-09T16:14:31-0400 [INFO    ] backups2datalad.py File is not managed by git annex; not adding URL
2020-10-09T16:14:31-0400 [INFO    ] backups2datalad.py Syncing asset /rawdata/sub-I46/ses-MRI/anat/sub-I46_echo-4_fa-3_VFA.nii.gz
2020-10-09T16:14:31-0400 [INFO    ] backups2datalad.py Asset not in dataset; will copy
2020-10-09T16:14:31-0400 [INFO    ] backups2datalad.py cp /mnt/backup/dandi/dandiarchive-s3-backup/girder-assetstore/2a/b6/2ab6212e435f4634a484f1c5496a9b55 -> /mnt/backup/dandi/dandiarchive-replica/000026/rawdata/sub-I46/ses-MRI/anat/sub-I46_echo-4_fa-3_VFA.nii.gz
2020-10-09T16:14:31-0400 [INFO    ] backups2datalad.py Adding asset to dataset
2020-10-09T16:14:49-0400 [INFO    ] backups2datalad.py Adding URL https://dandiarchive.s3.amazonaws.com/girder-assetstore/2a/b6/2ab6212e435f4634a484f1c5496a9b55?versionId=ELEsrhihEWS2H.D9ekdkxxlJ5mluQ2Xg to asset
2020-10-09T16:14:49-0400 [INFO    ] backups2datalad.py Syncing asset /rawdata/sub-I46/ses-MRI/anat/test.json
2020-10-09T16:14:49-0400 [INFO    ] backups2datalad.py Asset not in dataset; will copy
2020-10-09T16:14:49-0400 [INFO    ] backups2datalad.py cp /mnt/backup/dandi/dandiarchive-s3-backup/girder-assetstore/f8/ee/f8eeab661bb24b21a9d2a8e4820ac664 -> /mnt/backup/dandi/dandiarchive-replica/000026/rawdata/sub-I46/ses-MRI/anat/test.json
2020-10-09T16:14:49-0400 [INFO    ] backups2datalad.py Adding asset to dataset
2020-10-09T16:14:49-0400 [INFO    ] backups2datalad.py File is not managed by git annex; not adding URL
2020-10-09T16:14:49-0400 [INFO    ] backups2datalad.py Syncing asset /rawdata/sub-I46/ses-OCT/I46-OCT-nor.tif
2020-10-09T16:14:50-0400 [INFO    ] backups2datalad.py Asset not in dataset; will copy
2020-10-09T16:14:50-0400 [INFO    ] backups2datalad.py cp /mnt/backup/dandi/dandiarchive-s3-backup/girder-assetstore/05/6b/056bb96336604438bb14f9b6d477be9f -> /mnt/backup/dandi/dandiarchive-replica/000026/rawdata/sub-I46/ses-OCT/I46-OCT-nor.tif
2020-10-09T16:14:50-0400 [INFO    ] backups2datalad.py Adding asset to dataset
2020-10-09T16:14:58-0400 [INFO    ] backups2datalad.py Adding URL https://dandiarchive.s3.amazonaws.com/girder-assetstore/05/6b/056bb96336604438bb14f9b6d477be9f?versionId=JI.Ai4tzkYiwApbt5nKPiY_0J7u7Mxx4 to asset
2020-10-09T16:14:59-0400 [INFO    ] backups2datalad.py Commiting changes
2020-10-09T16:14:59-0400 [INFO    ] backups2datalad.py Creating GitHub sibling for 000026
2020-10-09T16:14:59-0400 [INFO    ] datalad.support.github_ Successfully obtained information about organization dandisets-testing using None credential
2020-10-09T16:15:02-0400 [INFO    ] datalad.ui.dialog Clear progress bars
2020-10-09T16:15:02-0400 [INFO    ] datalad.ui.dialog Refresh progress bars
2020-10-09T16:15:02-0400 [INFO    ] backups2datalad.py Pushing to sibling
2020-10-09T16:15:02-0400 [INFO    ] datalad.core.distributed.push Determine push target
2020-10-09T16:15:02-0400 [INFO    ] datalad.core.distributed.push Push refspecs
2020-10-09T16:15:03-0400 [INFO    ] datalad.core.distributed.push Transfer data
2020-10-09T16:15:03-0400 [INFO    ] datalad.core.distributed.push Update availability information
2020-10-09T16:15:05-0400 [INFO    ] datalad.gitrepo Start enumerating objects
2020-10-09T16:15:05-0400 [INFO    ] datalad.gitrepo Finished enumerating objects
2020-10-09T16:15:05-0400 [INFO    ] datalad.gitrepo Start counting objects
2020-10-09T16:15:05-0400 [INFO    ] datalad.gitrepo Counting objects:   0% (1/341)
2020-10-09T16:15:05-0400 [INFO    ] datalad.gitrepo Counting objects:   1% (4/341)
2020-10-09T16:15:05-0400 [INFO    ] datalad.gitrepo Counting objects:   2% (7/341)
2020-10-09T16:15:05-0400 [INFO    ] datalad.gitrepo Counting objects:   3% (11/341)
2020-10-09T16:15:05-0400 [INFO    ] datalad.gitrepo Counting objects:   4% (14/341)
2020-10-09T16:15:05-0400 [INFO    ] datalad.gitrepo Counting objects:   5% (18/341)
2020-10-09T16:15:05-0400 [INFO    ] datalad.gitrepo Counting objects:   6% (21/341)
2020-10-09T16:15:05-0400 [INFO    ] datalad.gitrepo Counting objects:   7% (24/341)
2020-10-09T16:15:05-0400 [INFO    ] datalad.gitrepo Counting objects:   8% (28/341)
2020-10-09T16:15:05-0400 [INFO    ] datalad.gitrepo Counting objects:   9% (31/341)
2020-10-09T16:15:05-0400 [INFO    ] datalad.gitrepo Counting objects:  10% (35/341)
2020-10-09T16:15:05-0400 [INFO    ] datalad.gitrepo Counting objects:  11% (38/341)
2020-10-09T16:15:05-0400 [INFO    ] datalad.gitrepo Counting objects:  12% (41/341)
2020-10-09T16:15:05-0400 [INFO    ] datalad.gitrepo Counting objects:  13% (45/341)
2020-10-09T16:15:05-0400 [INFO    ] datalad.gitrepo Counting objects:  14% (48/341)
2020-10-09T16:15:05-0400 [INFO    ] datalad.gitrepo Counting objects:  15% (52/341)
2020-10-09T16:15:05-0400 [INFO    ] datalad.gitrepo Counting objects:  16% (55/341)
2020-10-09T16:15:05-0400 [INFO    ] datalad.gitrepo Counting objects:  17% (58/341)
2020-10-09T16:15:05-0400 [INFO    ] datalad.gitrepo Counting objects:  18% (62/341)
2020-10-09T16:15:05-0400 [INFO    ] datalad.gitrepo Counting objects:  19% (65/341)
2020-10-09T16:15:05-0400 [INFO    ] datalad.gitrepo Counting objects:  20% (69/341)
2020-10-09T16:15:05-0400 [INFO    ] datalad.gitrepo Counting objects:  21% (72/341)
2020-10-09T16:15:05-0400 [INFO    ] datalad.gitrepo Counting objects:  22% (76/341)
2020-10-09T16:15:05-0400 [INFO    ] datalad.gitrepo Counting objects:  23% (79/341)
2020-10-09T16:15:05-0400 [INFO    ] datalad.gitrepo Counting objects:  24% (82/341)
2020-10-09T16:15:05-0400 [INFO    ] datalad.gitrepo Counting objects:  25% (86/341)
2020-10-09T16:15:05-0400 [INFO    ] datalad.gitrepo Counting objects:  26% (89/341)
2020-10-09T16:15:05-0400 [INFO    ] datalad.gitrepo Counting objects:  27% (93/341)
2020-10-09T16:15:05-0400 [INFO    ] datalad.gitrepo Counting objects:  28% (96/341)
2020-10-09T16:15:05-0400 [INFO    ] datalad.gitrepo Counting objects:  29% (99/341)
2020-10-09T16:15:05-0400 [INFO    ] datalad.gitrepo Counting objects:  30% (103/341)
2020-10-09T16:15:05-0400 [INFO    ] datalad.gitrepo Counting objects:  31% (106/341)
2020-10-09T16:15:05-0400 [INFO    ] datalad.gitrepo Counting objects:  32% (110/341)
2020-10-09T16:15:05-0400 [INFO    ] datalad.gitrepo Counting objects:  33% (113/341)
2020-10-09T16:15:05-0400 [INFO    ] datalad.gitrepo Counting objects:  34% (116/341)
2020-10-09T16:15:05-0400 [INFO    ] datalad.gitrepo Counting objects:  35% (120/341)
2020-10-09T16:15:05-0400 [INFO    ] datalad.gitrepo Counting objects:  36% (123/341)
2020-10-09T16:15:05-0400 [INFO    ] datalad.gitrepo Counting objects:  37% (127/341)
2020-10-09T16:15:05-0400 [INFO    ] datalad.gitrepo Counting objects:  38% (130/341)
2020-10-09T16:15:05-0400 [INFO    ] datalad.gitrepo Counting objects:  39% (133/341)
2020-10-09T16:15:05-0400 [INFO    ] datalad.gitrepo Counting objects:  40% (137/341)
2020-10-09T16:15:05-0400 [INFO    ] datalad.gitrepo Counting objects:  41% (140/341)
2020-10-09T16:15:05-0400 [INFO    ] datalad.gitrepo Counting objects:  42% (144/341)
2020-10-09T16:15:05-0400 [INFO    ] datalad.gitrepo Counting objects:  43% (147/341)
2020-10-09T16:15:05-0400 [INFO    ] datalad.gitrepo Counting objects:  44% (151/341)
2020-10-09T16:15:05-0400 [INFO    ] datalad.gitrepo Counting objects:  45% (154/341)
2020-10-09T16:15:05-0400 [INFO    ] datalad.gitrepo Counting objects:  46% (157/341)
2020-10-09T16:15:05-0400 [INFO    ] datalad.gitrepo Counting objects:  47% (161/341)
2020-10-09T16:15:05-0400 [INFO    ] datalad.gitrepo Counting objects:  48% (164/341)
2020-10-09T16:15:05-0400 [INFO    ] datalad.gitrepo Counting objects:  49% (168/341)
2020-10-09T16:15:05-0400 [INFO    ] datalad.gitrepo Counting objects:  50% (171/341)
2020-10-09T16:15:05-0400 [INFO    ] datalad.gitrepo Counting objects:  51% (174/341)
2020-10-09T16:15:05-0400 [INFO    ] datalad.gitrepo Counting objects:  52% (178/341)
2020-10-09T16:15:05-0400 [INFO    ] datalad.gitrepo Counting objects:  53% (181/341)
2020-10-09T16:15:05-0400 [INFO    ] datalad.gitrepo Counting objects:  54% (185/341)
2020-10-09T16:15:05-0400 [INFO    ] datalad.gitrepo Counting objects:  55% (188/341)
2020-10-09T16:15:05-0400 [INFO    ] datalad.gitrepo Counting objects:  56% (191/341)
2020-10-09T16:15:05-0400 [INFO    ] datalad.gitrepo Counting objects:  57% (195/341)
2020-10-09T16:15:05-0400 [INFO    ] datalad.gitrepo Counting objects:  58% (198/341)
2020-10-09T16:15:05-0400 [INFO    ] datalad.gitrepo Counting objects:  59% (202/341)
2020-10-09T16:15:05-0400 [INFO    ] datalad.gitrepo Counting objects:  60% (205/341)
2020-10-09T16:15:05-0400 [INFO    ] datalad.gitrepo Counting objects:  61% (209/341)
2020-10-09T16:15:05-0400 [INFO    ] datalad.gitrepo Counting objects:  62% (212/341)
2020-10-09T16:15:05-0400 [INFO    ] datalad.gitrepo Counting objects:  63% (215/341)
2020-10-09T16:15:05-0400 [INFO    ] datalad.gitrepo Counting objects:  64% (219/341)
2020-10-09T16:15:05-0400 [INFO    ] datalad.gitrepo Counting objects:  65% (222/341)
2020-10-09T16:15:05-0400 [INFO    ] datalad.gitrepo Counting objects:  66% (226/341)
2020-10-09T16:15:05-0400 [INFO    ] datalad.gitrepo Counting objects:  67% (229/341)
2020-10-09T16:15:05-0400 [INFO    ] datalad.gitrepo Counting objects:  68% (232/341)
2020-10-09T16:15:05-0400 [INFO    ] datalad.gitrepo Counting objects:  69% (236/341)
2020-10-09T16:15:05-0400 [INFO    ] datalad.gitrepo Counting objects:  70% (239/341)
2020-10-09T16:15:05-0400 [INFO    ] datalad.gitrepo Counting objects:  71% (243/341)
2020-10-09T16:15:05-0400 [INFO    ] datalad.gitrepo Counting objects:  72% (246/341)
2020-10-09T16:15:05-0400 [INFO    ] datalad.gitrepo Counting objects:  73% (249/341)
2020-10-09T16:15:05-0400 [INFO    ] datalad.gitrepo Counting objects:  74% (253/341)
2020-10-09T16:15:05-0400 [INFO    ] datalad.gitrepo Counting objects:  75% (256/341)
2020-10-09T16:15:05-0400 [INFO    ] datalad.gitrepo Counting objects:  76% (260/341)
2020-10-09T16:15:05-0400 [INFO    ] datalad.gitrepo Counting objects:  77% (263/341)
2020-10-09T16:15:05-0400 [INFO    ] datalad.gitrepo Counting objects:  78% (266/341)
2020-10-09T16:15:05-0400 [INFO    ] datalad.gitrepo Counting objects:  79% (270/341)
2020-10-09T16:15:05-0400 [INFO    ] datalad.gitrepo Counting objects:  80% (273/341)
2020-10-09T16:15:05-0400 [INFO    ] datalad.gitrepo Counting objects:  81% (277/341)
2020-10-09T16:15:05-0400 [INFO    ] datalad.gitrepo Counting objects:  82% (280/341)
2020-10-09T16:15:05-0400 [INFO    ] datalad.gitrepo Counting objects:  83% (284/341)
2020-10-09T16:15:05-0400 [INFO    ] datalad.gitrepo Counting objects:  84% (287/341)
2020-10-09T16:15:05-0400 [INFO    ] datalad.gitrepo Counting objects:  85% (290/341)
2020-10-09T16:15:05-0400 [INFO    ] datalad.gitrepo Counting objects:  86% (294/341)
2020-10-09T16:15:05-0400 [INFO    ] datalad.gitrepo Counting objects:  87% (297/341)
2020-10-09T16:15:05-0400 [INFO    ] datalad.gitrepo Counting objects:  88% (301/341)
2020-10-09T16:15:05-0400 [INFO    ] datalad.gitrepo Counting objects:  89% (304/341)
2020-10-09T16:15:05-0400 [INFO    ] datalad.gitrepo Counting objects:  90% (307/341)
2020-10-09T16:15:05-0400 [INFO    ] datalad.gitrepo Counting objects:  91% (311/341)
2020-10-09T16:15:05-0400 [INFO    ] datalad.gitrepo Counting objects:  92% (314/341)
2020-10-09T16:15:05-0400 [INFO    ] datalad.gitrepo Counting objects:  93% (318/341)
2020-10-09T16:15:05-0400 [INFO    ] datalad.gitrepo Counting objects:  94% (321/341)
2020-10-09T16:15:05-0400 [INFO    ] datalad.gitrepo Counting objects:  95% (324/341)
2020-10-09T16:15:05-0400 [INFO    ] datalad.gitrepo Counting objects:  96% (328/341)
2020-10-09T16:15:05-0400 [INFO    ] datalad.gitrepo Counting objects:  97% (331/341)
2020-10-09T16:15:05-0400 [INFO    ] datalad.gitrepo Counting objects:  98% (335/341)
2020-10-09T16:15:05-0400 [INFO    ] datalad.gitrepo Counting objects:  99% (338/341)
2020-10-09T16:15:05-0400 [INFO    ] datalad.gitrepo Counting objects: 100% (341/341)
2020-10-09T16:15:05-0400 [INFO    ] datalad.gitrepo Counting objects: 100% (341/341), done.
2020-10-09T16:15:05-0400 [INFO    ] datalad.gitrepo Finished counting objects
2020-10-09T16:15:05-0400 [INFO    ] datalad.gitrepo Start compressing objects
2020-10-09T16:15:05-0400 [INFO    ] datalad.gitrepo Compressing objects:   0% (1/280)
2020-10-09T16:15:05-0400 [INFO    ] datalad.gitrepo Compressing objects:   1% (3/280)
2020-10-09T16:15:05-0400 [INFO    ] datalad.gitrepo Compressing objects:   2% (6/280)
2020-10-09T16:15:05-0400 [INFO    ] datalad.gitrepo Compressing objects:   3% (9/280)
2020-10-09T16:15:05-0400 [INFO    ] datalad.gitrepo Compressing objects:   4% (12/280)
2020-10-09T16:15:05-0400 [INFO    ] datalad.gitrepo Compressing objects:   5% (14/280)
2020-10-09T16:15:05-0400 [INFO    ] datalad.gitrepo Compressing objects:   6% (17/280)
2020-10-09T16:15:05-0400 [INFO    ] datalad.gitrepo Compressing objects:   7% (20/280)
2020-10-09T16:15:05-0400 [INFO    ] datalad.gitrepo Compressing objects:   8% (23/280)
2020-10-09T16:15:05-0400 [INFO    ] datalad.gitrepo Compressing objects:   9% (26/280)
2020-10-09T16:15:05-0400 [INFO    ] datalad.gitrepo Compressing objects:  10% (28/280)
2020-10-09T16:15:05-0400 [INFO    ] datalad.gitrepo Compressing objects:  11% (31/280)
2020-10-09T16:15:05-0400 [INFO    ] datalad.gitrepo Compressing objects:  12% (34/280)
2020-10-09T16:15:05-0400 [INFO    ] datalad.gitrepo Compressing objects:  13% (37/280)
2020-10-09T16:15:05-0400 [INFO    ] datalad.gitrepo Compressing objects:  14% (40/280)
2020-10-09T16:15:05-0400 [INFO    ] datalad.gitrepo Compressing objects:  15% (42/280)
2020-10-09T16:15:05-0400 [INFO    ] datalad.gitrepo Compressing objects:  16% (45/280)
2020-10-09T16:15:05-0400 [INFO    ] datalad.gitrepo Compressing objects:  17% (48/280)
2020-10-09T16:15:05-0400 [INFO    ] datalad.gitrepo Compressing objects:  18% (51/280)
2020-10-09T16:15:05-0400 [INFO    ] datalad.gitrepo Compressing objects:  19% (54/280)
2020-10-09T16:15:05-0400 [INFO    ] datalad.gitrepo Compressing objects:  20% (56/280)
2020-10-09T16:15:05-0400 [INFO    ] datalad.gitrepo Compressing objects:  21% (59/280)
2020-10-09T16:15:05-0400 [INFO    ] datalad.gitrepo Compressing objects:  22% (62/280)
2020-10-09T16:15:05-0400 [INFO    ] datalad.gitrepo Compressing objects:  23% (65/280)
2020-10-09T16:15:05-0400 [INFO    ] datalad.gitrepo Compressing objects:  24% (68/280)
2020-10-09T16:15:05-0400 [INFO    ] datalad.gitrepo Compressing objects:  25% (70/280)
2020-10-09T16:15:05-0400 [INFO    ] datalad.gitrepo Compressing objects:  26% (73/280)
2020-10-09T16:15:05-0400 [INFO    ] datalad.gitrepo Compressing objects:  27% (76/280)
2020-10-09T16:15:05-0400 [INFO    ] datalad.gitrepo Compressing objects:  28% (79/280)
2020-10-09T16:15:05-0400 [INFO    ] datalad.gitrepo Compressing objects:  29% (82/280)
2020-10-09T16:15:05-0400 [INFO    ] datalad.gitrepo Compressing objects:  30% (84/280)
2020-10-09T16:15:05-0400 [INFO    ] datalad.gitrepo Compressing objects:  31% (87/280)
2020-10-09T16:15:05-0400 [INFO    ] datalad.gitrepo Compressing objects:  32% (90/280)
2020-10-09T16:15:05-0400 [INFO    ] datalad.gitrepo Compressing objects:  33% (93/280)
2020-10-09T16:15:05-0400 [INFO    ] datalad.gitrepo Compressing objects:  34% (96/280)
2020-10-09T16:15:05-0400 [INFO    ] datalad.gitrepo Compressing objects:  35% (98/280)
2020-10-09T16:15:05-0400 [INFO    ] datalad.gitrepo Compressing objects:  36% (101/280)
2020-10-09T16:15:05-0400 [INFO    ] datalad.gitrepo Compressing objects:  37% (104/280)
2020-10-09T16:15:05-0400 [INFO    ] datalad.gitrepo Compressing objects:  38% (107/280)
2020-10-09T16:15:05-0400 [INFO    ] datalad.gitrepo Compressing objects:  39% (110/280)
2020-10-09T16:15:05-0400 [INFO    ] datalad.gitrepo Compressing objects:  40% (112/280)
2020-10-09T16:15:05-0400 [INFO    ] datalad.gitrepo Compressing objects:  41% (115/280)
2020-10-09T16:15:05-0400 [INFO    ] datalad.gitrepo Compressing objects:  42% (118/280)
2020-10-09T16:15:05-0400 [INFO    ] datalad.gitrepo Compressing objects:  43% (121/280)
2020-10-09T16:15:05-0400 [INFO    ] datalad.gitrepo Compressing objects:  44% (124/280)
2020-10-09T16:15:05-0400 [INFO    ] datalad.gitrepo Compressing objects:  45% (126/280)
2020-10-09T16:15:05-0400 [INFO    ] datalad.gitrepo Compressing objects:  46% (129/280)
2020-10-09T16:15:05-0400 [INFO    ] datalad.gitrepo Compressing objects:  47% (132/280)
2020-10-09T16:15:05-0400 [INFO    ] datalad.gitrepo Compressing objects:  48% (135/280)
2020-10-09T16:15:05-0400 [INFO    ] datalad.gitrepo Compressing objects:  49% (138/280)
2020-10-09T16:15:05-0400 [INFO    ] datalad.gitrepo Compressing objects:  50% (140/280)
2020-10-09T16:15:05-0400 [INFO    ] datalad.gitrepo Compressing objects:  51% (143/280)
2020-10-09T16:15:05-0400 [INFO    ] datalad.gitrepo Compressing objects:  52% (146/280)
2020-10-09T16:15:05-0400 [INFO    ] datalad.gitrepo Compressing objects:  53% (149/280)
2020-10-09T16:15:05-0400 [INFO    ] datalad.gitrepo Compressing objects:  54% (152/280)
2020-10-09T16:15:05-0400 [INFO    ] datalad.gitrepo Compressing objects:  55% (154/280)
2020-10-09T16:15:05-0400 [INFO    ] datalad.gitrepo Compressing objects:  56% (157/280)
2020-10-09T16:15:05-0400 [INFO    ] datalad.gitrepo Compressing objects:  57% (160/280)
2020-10-09T16:15:05-0400 [INFO    ] datalad.gitrepo Compressing objects:  58% (163/280)
2020-10-09T16:15:05-0400 [INFO    ] datalad.gitrepo Compressing objects:  59% (166/280)
2020-10-09T16:15:05-0400 [INFO    ] datalad.gitrepo Compressing objects:  60% (168/280)
2020-10-09T16:15:05-0400 [INFO    ] datalad.gitrepo Compressing objects:  61% (171/280)
2020-10-09T16:15:05-0400 [INFO    ] datalad.gitrepo Compressing objects:  62% (174/280)
2020-10-09T16:15:05-0400 [INFO    ] datalad.gitrepo Compressing objects:  63% (177/280)
2020-10-09T16:15:05-0400 [INFO    ] datalad.gitrepo Compressing objects:  64% (180/280)
2020-10-09T16:15:05-0400 [INFO    ] datalad.gitrepo Compressing objects:  65% (182/280)
2020-10-09T16:15:05-0400 [INFO    ] datalad.gitrepo Compressing objects:  66% (185/280)
2020-10-09T16:15:05-0400 [INFO    ] datalad.gitrepo Compressing objects:  67% (188/280)
2020-10-09T16:15:05-0400 [INFO    ] datalad.gitrepo Compressing objects:  68% (191/280)
2020-10-09T16:15:05-0400 [INFO    ] datalad.gitrepo Compressing objects:  69% (194/280)
2020-10-09T16:15:05-0400 [INFO    ] datalad.gitrepo Compressing objects:  70% (196/280)
2020-10-09T16:15:05-0400 [INFO    ] datalad.gitrepo Compressing objects:  71% (199/280)
2020-10-09T16:15:05-0400 [INFO    ] datalad.gitrepo Compressing objects:  72% (202/280)
2020-10-09T16:15:05-0400 [INFO    ] datalad.gitrepo Compressing objects:  73% (205/280)
2020-10-09T16:15:05-0400 [INFO    ] datalad.gitrepo Compressing objects:  74% (208/280)
2020-10-09T16:15:05-0400 [INFO    ] datalad.gitrepo Compressing objects:  75% (210/280)
2020-10-09T16:15:05-0400 [INFO    ] datalad.gitrepo Compressing objects:  76% (213/280)
2020-10-09T16:15:05-0400 [INFO    ] datalad.gitrepo Compressing objects:  77% (216/280)
2020-10-09T16:15:05-0400 [INFO    ] datalad.gitrepo Compressing objects:  78% (219/280)
2020-10-09T16:15:05-0400 [INFO    ] datalad.gitrepo Compressing objects:  79% (222/280)
2020-10-09T16:15:05-0400 [INFO    ] datalad.gitrepo Compressing objects:  80% (224/280)
2020-10-09T16:15:05-0400 [INFO    ] datalad.gitrepo Compressing objects:  81% (227/280)
2020-10-09T16:15:05-0400 [INFO    ] datalad.gitrepo Compressing objects:  82% (230/280)
2020-10-09T16:15:05-0400 [INFO    ] datalad.gitrepo Compressing objects:  83% (233/280)
2020-10-09T16:15:05-0400 [INFO    ] datalad.gitrepo Compressing objects:  84% (236/280)
2020-10-09T16:15:05-0400 [INFO    ] datalad.gitrepo Compressing objects:  85% (238/280)
2020-10-09T16:15:05-0400 [INFO    ] datalad.gitrepo Compressing objects:  86% (241/280)
2020-10-09T16:15:05-0400 [INFO    ] datalad.gitrepo Compressing objects:  87% (244/280)
2020-10-09T16:15:05-0400 [INFO    ] datalad.gitrepo Compressing objects:  88% (247/280)
2020-10-09T16:15:05-0400 [INFO    ] datalad.gitrepo Compressing objects:  89% (250/280)
2020-10-09T16:15:05-0400 [INFO    ] datalad.gitrepo Compressing objects:  90% (252/280)
2020-10-09T16:15:05-0400 [INFO    ] datalad.gitrepo Compressing objects:  91% (255/280)
2020-10-09T16:15:05-0400 [INFO    ] datalad.gitrepo Compressing objects:  92% (258/280)
2020-10-09T16:15:05-0400 [INFO    ] datalad.gitrepo Compressing objects:  93% (261/280)
2020-10-09T16:15:05-0400 [INFO    ] datalad.gitrepo Compressing objects:  94% (264/280)
2020-10-09T16:15:05-0400 [INFO    ] datalad.gitrepo Compressing objects:  95% (266/280)
2020-10-09T16:15:05-0400 [INFO    ] datalad.gitrepo Compressing objects:  96% (269/280)
2020-10-09T16:15:05-0400 [INFO    ] datalad.gitrepo Compressing objects:  97% (272/280)
2020-10-09T16:15:05-0400 [INFO    ] datalad.gitrepo Compressing objects:  98% (275/280)
2020-10-09T16:15:05-0400 [INFO    ] datalad.gitrepo Compressing objects:  99% (278/280)
2020-10-09T16:15:05-0400 [INFO    ] datalad.gitrepo Compressing objects: 100% (280/280)
2020-10-09T16:15:05-0400 [INFO    ] datalad.gitrepo Compressing objects: 100% (280/280), done.
2020-10-09T16:15:05-0400 [INFO    ] datalad.gitrepo Finished compressing objects
2020-10-09T16:15:05-0400 [INFO    ] datalad.gitrepo Start writing objects
2020-10-09T16:15:05-0400 [INFO    ] datalad.gitrepo Writing objects:   0% (1/341)
2020-10-09T16:15:05-0400 [INFO    ] datalad.gitrepo Writing objects:   1% (4/341)
2020-10-09T16:15:05-0400 [INFO    ] datalad.gitrepo Writing objects:   2% (7/341)
2020-10-09T16:15:05-0400 [INFO    ] datalad.gitrepo Writing objects:   3% (11/341)
2020-10-09T16:15:05-0400 [INFO    ] datalad.gitrepo Writing objects:   4% (14/341)
2020-10-09T16:15:05-0400 [INFO    ] datalad.gitrepo Writing objects:   5% (18/341)
2020-10-09T16:15:05-0400 [INFO    ] datalad.gitrepo Writing objects:   6% (21/341)
2020-10-09T16:15:05-0400 [INFO    ] datalad.gitrepo Writing objects:   7% (24/341)
2020-10-09T16:15:05-0400 [INFO    ] datalad.gitrepo Writing objects:   8% (28/341)
2020-10-09T16:15:05-0400 [INFO    ] datalad.gitrepo Writing objects:   9% (31/341)
2020-10-09T16:15:05-0400 [INFO    ] datalad.gitrepo Writing objects:  10% (35/341)
2020-10-09T16:15:05-0400 [INFO    ] datalad.gitrepo Writing objects:  11% (38/341)
2020-10-09T16:15:05-0400 [INFO    ] datalad.gitrepo Writing objects:  12% (41/341)
2020-10-09T16:15:05-0400 [INFO    ] datalad.gitrepo Writing objects:  13% (45/341)
2020-10-09T16:15:05-0400 [INFO    ] datalad.gitrepo Writing objects:  14% (48/341)
2020-10-09T16:15:05-0400 [INFO    ] datalad.gitrepo Writing objects:  15% (52/341)
2020-10-09T16:15:05-0400 [INFO    ] datalad.gitrepo Writing objects:  16% (55/341)
2020-10-09T16:15:05-0400 [INFO    ] datalad.gitrepo Writing objects:  17% (58/341)
2020-10-09T16:15:05-0400 [INFO    ] datalad.gitrepo Writing objects:  18% (62/341)
2020-10-09T16:15:05-0400 [INFO    ] datalad.gitrepo Writing objects:  19% (65/341)
2020-10-09T16:15:05-0400 [INFO    ] datalad.gitrepo Writing objects:  20% (69/341)
2020-10-09T16:15:05-0400 [INFO    ] datalad.gitrepo Writing objects:  21% (72/341)
2020-10-09T16:15:05-0400 [INFO    ] datalad.gitrepo Writing objects:  22% (76/341)
2020-10-09T16:15:05-0400 [INFO    ] datalad.gitrepo Writing objects:  23% (79/341)
2020-10-09T16:15:05-0400 [INFO    ] datalad.gitrepo Writing objects:  24% (82/341)
2020-10-09T16:15:05-0400 [INFO    ] datalad.gitrepo Writing objects:  25% (86/341)
2020-10-09T16:15:05-0400 [INFO    ] datalad.gitrepo Writing objects:  26% (89/341)
2020-10-09T16:15:05-0400 [INFO    ] datalad.gitrepo Writing objects:  27% (93/341)
2020-10-09T16:15:05-0400 [INFO    ] datalad.gitrepo Writing objects:  28% (96/341)
2020-10-09T16:15:05-0400 [INFO    ] datalad.gitrepo Writing objects:  29% (99/341)
2020-10-09T16:15:05-0400 [INFO    ] datalad.gitrepo Writing objects:  30% (103/341)
2020-10-09T16:15:05-0400 [INFO    ] datalad.gitrepo Writing objects:  31% (106/341)
2020-10-09T16:15:05-0400 [INFO    ] datalad.gitrepo Writing objects:  32% (110/341)
2020-10-09T16:15:05-0400 [INFO    ] datalad.gitrepo Writing objects:  33% (113/341)
2020-10-09T16:15:05-0400 [INFO    ] datalad.gitrepo Writing objects:  34% (116/341)
2020-10-09T16:15:05-0400 [INFO    ] datalad.gitrepo Writing objects:  35% (120/341)
2020-10-09T16:15:05-0400 [INFO    ] datalad.gitrepo Writing objects:  36% (123/341)
2020-10-09T16:15:05-0400 [INFO    ] datalad.gitrepo Writing objects:  37% (127/341)
2020-10-09T16:15:05-0400 [INFO    ] datalad.gitrepo Writing objects:  38% (130/341)
2020-10-09T16:15:05-0400 [INFO    ] datalad.gitrepo Writing objects:  39% (133/341)
2020-10-09T16:15:05-0400 [INFO    ] datalad.gitrepo Writing objects:  40% (137/341)
2020-10-09T16:15:05-0400 [INFO    ] datalad.gitrepo Writing objects:  41% (140/341)
2020-10-09T16:15:05-0400 [INFO    ] datalad.gitrepo Writing objects:  42% (144/341)
2020-10-09T16:15:05-0400 [INFO    ] datalad.gitrepo Writing objects:  43% (147/341)
2020-10-09T16:15:05-0400 [INFO    ] datalad.gitrepo Writing objects:  44% (151/341)
2020-10-09T16:15:05-0400 [INFO    ] datalad.gitrepo Writing objects:  45% (154/341)
2020-10-09T16:15:05-0400 [INFO    ] datalad.gitrepo Writing objects:  46% (157/341)
2020-10-09T16:15:05-0400 [INFO    ] datalad.gitrepo Writing objects:  47% (161/341)
2020-10-09T16:15:05-0400 [INFO    ] datalad.gitrepo Writing objects:  48% (164/341)
2020-10-09T16:15:05-0400 [INFO    ] datalad.gitrepo Writing objects:  49% (168/341)
2020-10-09T16:15:05-0400 [INFO    ] datalad.gitrepo Writing objects:  50% (171/341)
2020-10-09T16:15:05-0400 [INFO    ] datalad.gitrepo Writing objects:  51% (174/341)
2020-10-09T16:15:05-0400 [INFO    ] datalad.gitrepo Writing objects:  52% (178/341)
2020-10-09T16:15:05-0400 [INFO    ] datalad.gitrepo Writing objects:  53% (181/341)
2020-10-09T16:15:05-0400 [INFO    ] datalad.gitrepo Writing objects:  54% (185/341)
2020-10-09T16:15:05-0400 [INFO    ] datalad.gitrepo Writing objects:  55% (188/341)
2020-10-09T16:15:05-0400 [INFO    ] datalad.gitrepo Writing objects:  56% (191/341)
2020-10-09T16:15:05-0400 [INFO    ] datalad.gitrepo Writing objects:  57% (195/341)
2020-10-09T16:15:05-0400 [INFO    ] datalad.gitrepo Writing objects:  58% (198/341)
2020-10-09T16:15:05-0400 [INFO    ] datalad.gitrepo Writing objects:  59% (202/341)
2020-10-09T16:15:05-0400 [INFO    ] datalad.gitrepo Writing objects:  60% (205/341)
2020-10-09T16:15:05-0400 [INFO    ] datalad.gitrepo Writing objects:  61% (209/341)
2020-10-09T16:15:05-0400 [INFO    ] datalad.gitrepo Writing objects:  62% (212/341)
2020-10-09T16:15:05-0400 [INFO    ] datalad.gitrepo Writing objects:  63% (215/341)
2020-10-09T16:15:05-0400 [INFO    ] datalad.gitrepo Writing objects:  64% (219/341)
2020-10-09T16:15:05-0400 [INFO    ] datalad.gitrepo Writing objects:  65% (222/341)
2020-10-09T16:15:05-0400 [INFO    ] datalad.gitrepo Writing objects:  66% (226/341)
2020-10-09T16:15:05-0400 [INFO    ] datalad.gitrepo Writing objects:  67% (229/341)
2020-10-09T16:15:05-0400 [INFO    ] datalad.gitrepo Writing objects:  68% (232/341)
2020-10-09T16:15:05-0400 [INFO    ] datalad.gitrepo Writing objects:  69% (236/341)
2020-10-09T16:15:05-0400 [INFO    ] datalad.gitrepo Writing objects:  70% (239/341)
2020-10-09T16:15:05-0400 [INFO    ] datalad.gitrepo Writing objects:  71% (243/341)
2020-10-09T16:15:05-0400 [INFO    ] datalad.gitrepo Writing objects:  72% (246/341)
2020-10-09T16:15:05-0400 [INFO    ] datalad.gitrepo Writing objects:  73% (249/341)
2020-10-09T16:15:05-0400 [INFO    ] datalad.gitrepo Writing objects:  74% (253/341)
2020-10-09T16:15:05-0400 [INFO    ] datalad.gitrepo Writing objects:  75% (256/341)
2020-10-09T16:15:05-0400 [INFO    ] datalad.gitrepo Writing objects:  76% (260/341)
2020-10-09T16:15:05-0400 [INFO    ] datalad.gitrepo Writing objects:  77% (263/341)
2020-10-09T16:15:05-0400 [INFO    ] datalad.gitrepo Writing objects:  78% (266/341)
2020-10-09T16:15:05-0400 [INFO    ] datalad.gitrepo Writing objects:  79% (270/341)
2020-10-09T16:15:05-0400 [INFO    ] datalad.gitrepo Writing objects:  80% (273/341)
2020-10-09T16:15:05-0400 [INFO    ] datalad.gitrepo Writing objects:  81% (277/341)
2020-10-09T16:15:05-0400 [INFO    ] datalad.gitrepo Writing objects:  82% (280/341)
2020-10-09T16:15:05-0400 [INFO    ] datalad.gitrepo Writing objects:  83% (284/341)
2020-10-09T16:15:05-0400 [INFO    ] datalad.gitrepo Writing objects:  84% (287/341)
2020-10-09T16:15:05-0400 [INFO    ] datalad.gitrepo Writing objects:  85% (290/341)
2020-10-09T16:15:05-0400 [INFO    ] datalad.gitrepo Writing objects:  86% (294/341)
2020-10-09T16:15:05-0400 [INFO    ] datalad.gitrepo Writing objects:  87% (297/341)
2020-10-09T16:15:05-0400 [INFO    ] datalad.gitrepo Writing objects:  88% (301/341)
2020-10-09T16:15:05-0400 [INFO    ] datalad.gitrepo Writing objects:  89% (304/341)
2020-10-09T16:15:05-0400 [INFO    ] datalad.gitrepo Writing objects:  90% (307/341)
2020-10-09T16:15:05-0400 [INFO    ] datalad.gitrepo Writing objects:  91% (311/341)
2020-10-09T16:15:05-0400 [INFO    ] datalad.gitrepo Writing objects:  92% (314/341)
2020-10-09T16:15:05-0400 [INFO    ] datalad.gitrepo Writing objects:  93% (318/341)
2020-10-09T16:15:05-0400 [INFO    ] datalad.gitrepo Writing objects:  94% (321/341)
2020-10-09T16:15:05-0400 [INFO    ] datalad.gitrepo Writing objects:  95% (324/341)
2020-10-09T16:15:05-0400 [INFO    ] datalad.gitrepo Writing objects:  96% (328/341)
2020-10-09T16:15:05-0400 [INFO    ] datalad.gitrepo Writing objects:  97% (332/341)
2020-10-09T16:15:05-0400 [INFO    ] datalad.gitrepo Writing objects:  98% (335/341)
2020-10-09T16:15:05-0400 [INFO    ] datalad.gitrepo Writing objects:  99% (338/341)
2020-10-09T16:15:05-0400 [INFO    ] datalad.gitrepo Writing objects: 100% (341/341)
2020-10-09T16:15:05-0400 [INFO    ] datalad.gitrepo Writing objects: 100% (341/341), 35.47 KiB | 1.61 MiB/s, done.
2020-10-09T16:15:05-0400 [INFO    ] datalad.gitrepo Finished writing objects
2020-10-09T16:15:05-0400 [INFO    ] datalad.gitrepo Start resolving deltas
2020-10-09T16:15:05-0400 [INFO    ] datalad.gitrepo remote: Resolving deltas:   0% (0/75)
2020-10-09T16:15:05-0400 [INFO    ] datalad.gitrepo remote: Resolving deltas:   1% (1/75)
2020-10-09T16:15:05-0400 [INFO    ] datalad.gitrepo remote: Resolving deltas:  26% (20/75)
2020-10-09T16:15:05-0400 [INFO    ] datalad.gitrepo remote: Resolving deltas:  28% (21/75)
2020-10-09T16:15:05-0400 [INFO    ] datalad.gitrepo remote: Resolving deltas:  29% (22/75)
2020-10-09T16:15:05-0400 [INFO    ] datalad.gitrepo remote: Resolving deltas:  30% (23/75)
2020-10-09T16:15:05-0400 [INFO    ] datalad.gitrepo remote: Resolving deltas:  32% (24/75)
2020-10-09T16:15:05-0400 [INFO    ] datalad.gitrepo remote: Resolving deltas:  33% (25/75)
2020-10-09T16:15:05-0400 [INFO    ] datalad.gitrepo remote: Resolving deltas:  34% (26/75)
2020-10-09T16:15:05-0400 [INFO    ] datalad.gitrepo remote: Resolving deltas:  36% (27/75)
2020-10-09T16:15:05-0400 [INFO    ] datalad.gitrepo remote: Resolving deltas:  37% (28/75)
2020-10-09T16:15:05-0400 [INFO    ] datalad.gitrepo remote: Resolving deltas:  38% (29/75)
2020-10-09T16:15:05-0400 [INFO    ] datalad.gitrepo remote: Resolving deltas:  40% (30/75)
2020-10-09T16:15:05-0400 [INFO    ] datalad.gitrepo remote: Resolving deltas:  41% (31/75)
2020-10-09T16:15:05-0400 [INFO    ] datalad.gitrepo remote: Resolving deltas:  42% (32/75)
2020-10-09T16:15:05-0400 [INFO    ] datalad.gitrepo remote: Resolving deltas:  44% (33/75)
2020-10-09T16:15:05-0400 [INFO    ] datalad.gitrepo remote: Resolving deltas:  45% (34/75)
2020-10-09T16:15:05-0400 [INFO    ] datalad.gitrepo remote: Resolving deltas:  46% (35/75)
2020-10-09T16:15:05-0400 [INFO    ] datalad.gitrepo remote: Resolving deltas:  48% (36/75)
2020-10-09T16:15:05-0400 [INFO    ] datalad.gitrepo remote: Resolving deltas:  49% (37/75)
2020-10-09T16:15:05-0400 [INFO    ] datalad.gitrepo remote: Resolving deltas:  50% (38/75)
2020-10-09T16:15:05-0400 [INFO    ] datalad.gitrepo remote: Resolving deltas:  52% (39/75)
2020-10-09T16:15:05-0400 [INFO    ] datalad.gitrepo remote: Resolving deltas:  53% (40/75)
2020-10-09T16:15:05-0400 [INFO    ] datalad.gitrepo remote: Resolving deltas:  54% (41/75)
2020-10-09T16:15:05-0400 [INFO    ] datalad.gitrepo remote: Resolving deltas:  56% (42/75)
2020-10-09T16:15:05-0400 [INFO    ] datalad.gitrepo remote: Resolving deltas:  57% (43/75)
2020-10-09T16:15:05-0400 [INFO    ] datalad.gitrepo remote: Resolving deltas:  58% (44/75)
2020-10-09T16:15:05-0400 [INFO    ] datalad.gitrepo remote: Resolving deltas:  60% (45/75)
2020-10-09T16:15:05-0400 [INFO    ] datalad.gitrepo remote: Resolving deltas:  61% (46/75)
2020-10-09T16:15:05-0400 [INFO    ] datalad.gitrepo remote: Resolving deltas:  62% (47/75)
2020-10-09T16:15:05-0400 [INFO    ] datalad.gitrepo remote: Resolving deltas:  84% (63/75)
2020-10-09T16:15:05-0400 [INFO    ] datalad.gitrepo remote: Resolving deltas:  85% (64/75)
2020-10-09T16:15:05-0400 [INFO    ] datalad.gitrepo remote: Resolving deltas: 100% (75/75)
2020-10-09T16:15:05-0400 [INFO    ] datalad.gitrepo remote: Resolving deltas: 100% (75/75), done.
2020-10-09T16:15:05-0400 [INFO    ] datalad.gitrepo Finished resolving deltas
2020-10-09T16:15:07-0400 [INFO    ] datalad.core.distributed.push Finished push of Dataset(/mnt/backup/dandi/dandiarchive-replica/000026)
